  981  cd CS131
  982  ls
  983  mkdir Worksheet5
  984  cd Worksheet5
  985  ls
  986  git init
  987  wget https://raw.githubusercontent.com/khanchandaniashish/CS131/main/Global%20YouTube%20Statistics.csv
  988  ls
  989  quit
  990  logout
  991  ls
  992  cd CS131
  993  cd Worksheet5
  994  ls
  995  nano 'Global YouTube Statistics.csv
  996  nano 'Global YouTube Statistics.csv'
  997  touch script.sh
  998  ls
  999  IFS=$'\n'
 1000  categories=("Music" "Entertainment" "Gaming" "Comedy")
 1001  for category in "${categories[@]}"; do quit
 1002  nano ws5.txt
 1003  for category in "${categories[@]}"; do          count=0;               while IFS=, read -r rank youtuber subscribers video_views cat title uploads country abbreviation channel_type video_views_rank country_rank channel_type_rank video_views_for_the_last_30_days lowest_monthly_earnings highest_monthly_earning$
 1004  for category in "${categories[@]}"; do          count=0;               while IFS=, read -r rank youtuber subscribers video_views cat title uploads country abbreviation channel_type video_views_rank country_rank channel_type_rank video_views_for_the_last_30_days lowest_monthly_earnings highest_monthly_earning$
 1005  ls
 1006  mkdir -p "Worksheet 5/United States"
 1007  ls
 1008  cd Worksheet 5
 1009  cd 'Worksheet 5'
 1010  ls
 1011  IFS=$'\n'
 1012  categories=("Music" "Entertainment" "Gaming" "Comedy")
 1013  for category in "${categories[@]}"; do     count=0;               output_file="Worksheet 5/United States/${category}.txt";      while IFS=, read -r rank youtuber subscribers video_views cat title uploads country abbreviation channel_type video_views_rank country_rank channel_type_rank video_views_for_the_las$
 1014  ls
 1015  cd Worksheet5
 1016  ls
 1017  cd
 1018  ls
 1019  cd CS131
 1020  cd Worksheet
 1021  cd Worksheet5
 1022  ls
 1023  cd 'Worksheet 5'
 1024  ls
 1025  wget https://raw.githubusercontent.com/khanchandaniashish/CS131/main/Global%20YouTube%20Statistics.csv
 1026  ls
 1027  for category in "${categories[@]}"; do     count=0;               output_file="Worksheet 5/United States/${category}.txt";      while IFS=, read -r rank youtuber subscribers video_views cat title uploads country abbreviation channel_type video_views_rank country_rank channel_type_rank video_views_for_the_las$
 1028*
 1029  cd 'United States'
 1030  ls
 1031  touch 'Entertainment.txt'
 1032  ls
 1033  for category in "${categories[@]}"; do     count=0;               output_file="Worksheet 5/United States/${category}.txt";      while IFS=, read -r rank youtuber subscribers video_views cat title uploads country abbreviation channel_type video_views_rank country_rank channel_type_rank video_views_for_the_las$
 1034  ls
 1035  cd
 1036  ls
 1037  cd CS131
 1038  cd Worksheet5
 1039  ls
 1040  cd 'Worksheet 5'
 1041  ls
 1042  cd 'United States'
 1043  ls
 1044  wget https://raw.githubusercontent.com/khanchandaniashish/CS131/main/Global%20YouTube%20Statistics.csv
 1045  for category in "${categories[@]}"; do     count=0;               output_file="Worksheet 5/United States/${category}.txt";      while IFS=, read -r rank youtuber subscribers video_views cat title uploads country abbreviation channel_type video_views_rank country_rank channel_type_rank video_views_for_the_las$
 1046  ls
 1047  cd
 1048  cd CS131
 1049  ls
 1050  cd Worksheet5
 1051  ls
 1052  rm cmds.log
 1053  ls
 1054  rm 'Worksheet 5'
 1055  rm -r 'Worksheet 5'
 1056  ls
 1057  rm ws5.txt
 1058  ls
 1059  nano scriptl.sh
 1060  ls
 1061  nano script.sh
