    1  exit
    2  ~$ passwd
    3  passwd
    4  ls
    5  ls -al
    6  python3
    7  wget www.github.com
    8  ls
    9  cat index.html
   10  cat
   11  pwd
   12  git init
   13  git add index.html
   14  git commit
   15  git config --global user.email shervan.shahparnia@gmail.com
   16  git commit
   17  cd
   18  pwd
   19  mkdir
   20  mkdir CS131
   21  cd CS131
   22  git init
   23  cd
   24  man -ls
   25  man
   26  ls
   27  man
   28  -ls
   29  man 
   30  man -f ls
   31  man cd
   32  ls ?.txt
   33  logout
   34  cd CS131
   35  git init
   36  ls
   37  git status
   38  git add .
   39  git status
   40  cd ~/.ssh && ssh-keygen
   41  git config
   42  git config --global ssheran "Shervan"
   43  cd Worksheet1
   44  pwd
   45  git config --global shervan.shahparnia@gmail.com
   46  git config --global ssheran
   47  git config -global ssheran "Shervan Shahparnia"
   48  git config --global ssheran "Shervan Shahparnia"
   49  git config --global shervan.shahparnia@gmail.com
   50  git config --global @ssheran
   51  cd
   52  cd CS131
   53  git config --global shervan.shahparnia@gmail.com
   54  git config --global "shervan.shahparnia@gmail.com"
   55  git config --global user.name "ssheran"
   56  cd ~/.ssh && ssh-keygen
   57  mkdir ~/.ssh
   58  cat id_rsa.pub
   59  cd ~/.ssh && ssh-keygen
   60  dc
   61  cd CS131
   62  cd ~/.ssh && ssh-keygen
   63  cat id_rsa.pub
   64  cd ~/.ssh && ssh-keygen
   65  mkdir sampleDirectory
   66  cd sampl
   67  cd sample
   68  cd sampleDirectory
   69  cd
   70  cd sampleProject/
   71  touch sampleFile.txt
   72  git init
   73  git add
   74  git add .
   75  git status
   76  git config --global user.email "shervan.shahparnia@gmail.com"
   77  git config --global user.name "Ssheran"
   78  cd ~/.ssh && ssh-keygen
   79  cat ~/.ssh/id_rsa.pub
   80  git config --list
   81  cat id_rsa.pub
   82  cd
   83  cd ~/.ssh && ssh-keygen
   84  cat id_rsa.pub
   85  git remote add origin git@github.com:ssheran/CS131Repo.git
   86  git commit -m "Message"
   87  git push --set-upstream origin master
   88  git remote add origin git@github.com:ssheran/CS131work.git
   89  git commit -m
   90  git commit
   91  git push --set-upstream origin master
   92  git remote add origin git@github.com:ssheran/CS131work.git
   93  git remote remove origin
   94  git status
   95  git remote add origin git@github.com:ssheran/CS131work.git
   96  git commit -m "Message"
   97  git push --set-upstream origin master
   98  CS131work
   99  cd CS131work
  100  CS131
  101  cd CS131
  102  history > cmds.log
  103  git status
  104  git add cmds.log
  105  git status
  106  git commit -m "History log I think"
  107  git push origin master
  108  git clone https://github.com/ssheran/cs131work.git
  109  cd
  110  rm -r sampleProject
  111  ls
  112  rm index.html.l
  113  ls
  114  rm -r sampleDirectory
  115  ls
  116  rm -r Worksheet1
  117  ls
  118  rm -r index.html
  119  cd CS131
  120  ls
  121  rm shervan.txt
  122  ls
  123  cd
  124  cd CS131
  125  ls
  126  git status
  127  cd ~/.ssh
  128  git pull
  129  git status
  130  cd
  131  cd ..
  132  ls
  133  cd shervanf23
  134  ls
  135  cd CS131
  136  ls
  137  git pull
  138  git pull origin master
  139  git remote add origin git@github.com:Ssheran/CS131work.git
  140  git pull origin master
  141  ls
  142  ls -la
  143  ls
  144  cd Worksheet1
  145  ls
  146  history > cmds.log
